[www.allcooper.com/contact/enquiry-form.html]
[backblue.gif]
[fade.gif]
[index.html]
[connect.facebook.net/en_US/fbevents.js]
[www.allcooper.com/Resources/Shared/stylesheets/dnndefault/7.0.0/default23e0.css]
[www.allcooper.com/Resources/Search/SearchSkinObjectPreview23e0.css]
[www.allcooper.com/Portals/_default/skins/allcooper/skin23e0.css]
[www.allcooper.com/Portals/_default/containers/allcooper/container23e0.css]
[www.allcooper.com/Portals/0/portal23e0.css]
[www.allcooper.com/DesktopModules/DNNGo_LayerGallery/Effects/Effect_01_SliderRevolution3D/Themes/defaultskin/Style23e0.css]
[www.allcooper.com/DesktopModules/DNNGo_PowerForms/Effects/Effect_01_Responsive/Themes/Theme_Responsive_20070_Contact/Style23e0.css]
[www.allcooper.com/DesktopModules/DNNGo_PowerForms/Resource/plugins/jquery-datepick/jquery.datepick23e0.css]
[www.allcooper.com/Resources/libraries/jQuery/01_09_01/jquery23e0.js]
[www.allcooper.com/Resources/libraries/jQuery-Migrate/01_02_01/jquery-migrate23e0.js]
[www.allcooper.com/Resources/libraries/jQuery-UI/01_11_03/jquery-ui23e0.js]
[www.allcooper.com/DesktopModules/DNNGo_PowerForms/Resource/plugins/tinymce/tinymce.minede7.js]
[www.allcooper.com/DesktopModules/DNNGo_PowerForms/Resource/js/jquery.validationEngine-en23e0.js]
[www.allcooper.com/DesktopModules/DNNGo_PowerForms/Resource/js/jquery.validationEngine23e0.js]
[www.allcooper.com/DesktopModules/DNNGo_PowerForms/Resource/js/sisyphus.min23e0.js]
[www.allcooper.com/js/dnn23e0.js]
[www.allcooper.com/DesktopModules/DNNGo_PowerForms/Resource/plugins/jquery-datepick/jquery.plugin.min23e0.js]
[www.allcooper.com/DesktopModules/DNNGo_PowerForms/Resource/plugins/jquery-datepick/jquery.datepick.min23e0.js]
[www.allcooper.com/DesktopModules/DNNGo_PowerForms/Resource/plugins/jquery-datepick/jquery.datepick.lang23e0.js]
[www.allcooper.com/js/dnn.modalpopup23e0.js]
[www.allcooper.com/DesktopModules/DNNGo_LayerGallery/Effects/Effect_01_SliderRevolution3D/js/jquery.themepunch.revolution.merge23e0.js]
[www.allcooper.com/DesktopModules/DNNGo_PowerForms/Resource/js/jquery.inputDefault23e0.js]
[www.google.com/recaptcha/apif392.js]
[www.allcooper.com/js/dnncore23e0.js]
[www.allcooper.com/Resources/Search/SearchSkinObjectPreview23e0.js]
[www.allcooper.com/js/dnn.servicesframework23e0.js]
[www.allcooper.com/Portals/0/Images/logo-32169039.png]
[www.allcooper.com/contact/offices.html]
[www.allcooper.com/contact/existing-customers.html]
[www.allcooper.com/Portals/0/LayerGallery/uploads/2017/11/22/Enquiry-Form-Banner.jpg]
[www.allcooper.com/portals/0/Contact-Us.jpg]
[www.allcooper.com/DesktopModules/DNNGo_PowerForms/Resource/images/no.png]
[www.allcooper.com/Portals/_default/skins/allcooper/scripts/script.js]
[www.allcooper.com/Portals/_default/skins/allcooper/scripts/custom.js]
[www.allcooper.com/DesktopModules/DNNGo_Megamenu/Resource/js/dnngo-megamenu23e0.js]
[www.allcooper.com/DesktopModules/DNNGo_GoMenu/Resource/js/accordion23e0.js]
[www.allcooper.com/contact/enquiry-form.html]
[connect.facebook.net/en_US/fbevents.js]
[www.allcooper.com/images/pin-icn.png]
[www.allcooper.com/images/helpI-icn-grey.png]
[www.allcooper.com/images/checkbox.png]
[www.allcooper.com/images/radiobutton.png]
[www.allcooper.com/images/dnnSpinnerUpArrow.png]
[www.allcooper.com/images/dnnSpinnerDownArrow.png]
[www.allcooper.com/images/dnnTagClose.png]
[www.allcooper.com/images/search/searchButton.png]
[www.allcooper.com/images/closeBtn.png]
[www.allcooper.com/images/resizeBtn.png]
[www.allcooper.com/images/modal-resize-icn.png]
[www.allcooper.com/images/loading.gif]
[www.allcooper.com/images/InstallWizardBG.png]
[www.allcooper.com/images/down-icn.png]
[www.allcooper.com/images/up-icn.png]
[www.allcooper.com/images/eip_toolbar.png]
[www.allcooper.com/images/eip_title_cancel.png]
[www.allcooper.com/images/eip_edit.png]
[www.allcooper.com/images/eip_save.png]
[www.allcooper.com/images/eip_title_save.png]
[www.allcooper.com/Resources/Shared/stylesheets/dnndefault/7.0.0/default23e0.css]
[www.allcooper.com/images/search/clearText.png]
[www.allcooper.com/Resources/Search/SearchSkinObjectPreview23e0.css]
[www.allcooper.com/Portals/_default/skins/allcooper/bootstrap.css]
[www.allcooper.com/Portals/_default/skins/allcooper/css/owl.carousel.css]
[www.allcooper.com/Portals/_default/skins/allcooper/images/searchbut_icon.png]
[www.allcooper.com/Portals/_default/skins/allcooper/images/background_img2.jpg]
[www.allcooper.com/Portals/_default/skins/allcooper/images/background_img3.jpg]
[www.allcooper.com/Portals/_default/skins/allcooper/images/conc_bg1.jpg]
[www.allcooper.com/Portals/_default/skins/allcooper/images/conc_bg2.jpg]
[www.allcooper.com/Portals/_default/skins/allcooper/images/conc_bg3.jpg]
[www.allcooper.com/Portals/_default/skins/allcooper/images/conc_bg4.jpg]
[www.allcooper.com/Portals/_default/skins/allcooper/images/conc_bg5.jpg]
[www.allcooper.com/Portals/_default/skins/allcooper/images/conc_bg6.jpg]
[www.allcooper.com/Portals/_default/skins/allcooper/images/footerfull_bg.jpg]
[www.allcooper.com/Portals/_default/skins/allcooper/images/number_arrow1.png]
[www.allcooper.com/Portals/_default/skins/allcooper/images/number_arrow2.png]
[www.allcooper.com/Portals/_default/skins/allcooper/images/number_arrow3.png]
[www.allcooper.com/Portals/_default/skins/allcooper/images/arrow-l.png]
[www.allcooper.com/Portals/_default/skins/allcooper/images/arrow-r.png]
[www.allcooper.com/Portals/_default/skins/allcooper/images/arrow_icon.png]
[www.allcooper.com/Portals/_default/skins/allcooper/skin23e0.css]
[www.allcooper.com/Portals/_default/containers/allcooper/container23e0.css]
[www.allcooper.com/Portals/0/portal23e0.css]
[www.allcooper.com/DesktopModules/DNNGo_LayerGallery/Effects/Effect_01_SliderRevolution3D/Themes/defaultskin/images/gradient/g30.png]
[www.allcooper.com/DesktopModules/DNNGo_LayerGallery/Effects/Effect_01_SliderRevolution3D/Themes/defaultskin/images/gradient/g40.png]
[www.allcooper.com/DesktopModules/DNNGo_LayerGallery/Effects/Effect_01_SliderRevolution3D/Themes/defaultskin/images/shadow1.png]
[www.allcooper.com/DesktopModules/DNNGo_LayerGallery/Effects/Effect_01_SliderRevolution3D/Themes/defaultskin/images/shadow2.png]
[www.allcooper.com/DesktopModules/DNNGo_LayerGallery/Effects/Effect_01_SliderRevolution3D/Themes/defaultskin/images/shadow3.png]
[www.allcooper.com/DesktopModules/DNNGo_LayerGallery/Effects/Effect_01_SliderRevolution3D/Themes/defaultskin/images/gridtile.png]
[www.allcooper.com/DesktopModules/DNNGo_LayerGallery/Effects/Effect_01_SliderRevolution3D/Themes/defaultskin/images/gridtile_white.png]
[www.allcooper.com/DesktopModules/DNNGo_LayerGallery/Effects/Effect_01_SliderRevolution3D/Themes/defaultskin/images/gridtile_3x3.png]
[www.allcooper.com/DesktopModules/DNNGo_LayerGallery/Effects/Effect_01_SliderRevolution3D/Themes/defaultskin/images/gridtile_3x3_white.png]
[www.allcooper.com/DesktopModules/DNNGo_LayerGallery/Effects/Effect_01_SliderRevolution3D/Themes/defaultskin/images/boxed_bgtile.png]
[www.allcooper.com/DesktopModules/DNNGo_LayerGallery/Effects/Effect_01_SliderRevolution3D/Themes/defaultskin/images/navigdots_bgtile.png]
[www.allcooper.com/DesktopModules/DNNGo_LayerGallery/Effects/Effect_01_SliderRevolution3D/Themes/defaultskin/images/bullet.png]
[www.allcooper.com/DesktopModules/DNNGo_LayerGallery/Effects/Effect_01_SliderRevolution3D/Themes/defaultskin/images/bullets.png]
[www.allcooper.com/DesktopModules/DNNGo_LayerGallery/Effects/Effect_01_SliderRevolution3D/Themes/defaultskin/images/bullets2.png]
[www.allcooper.com/DesktopModules/DNNGo_LayerGallery/Effects/Effect_01_SliderRevolution3D/Themes/defaultskin/images/bullet_boxed.png]
[www.allcooper.com/DesktopModules/DNNGo_LayerGallery/Effects/Effect_01_SliderRevolution3D/Themes/defaultskin/images/navigdots.png]
[www.allcooper.com/DesktopModules/DNNGo_LayerGallery/Effects/Effect_01_SliderRevolution3D/Themes/defaultskin/images/large_left.png]
[www.allcooper.com/DesktopModules/DNNGo_LayerGallery/Effects/Effect_01_SliderRevolution3D/Themes/defaultskin/images/large_right.png]
[www.allcooper.com/DesktopModules/DNNGo_LayerGallery/Effects/Effect_01_SliderRevolution3D/Themes/defaultskin/images/small_left.png]
[www.allcooper.com/DesktopModules/DNNGo_LayerGallery/Effects/Effect_01_SliderRevolution3D/Themes/defaultskin/images/small_right.png]
[www.allcooper.com/DesktopModules/DNNGo_LayerGallery/Effects/Effect_01_SliderRevolution3D/Themes/defaultskin/images/arrow_left.png]
[www.allcooper.com/DesktopModules/DNNGo_LayerGallery/Effects/Effect_01_SliderRevolution3D/Themes/defaultskin/images/arrow_right.png]
[www.allcooper.com/DesktopModules/DNNGo_LayerGallery/Effects/Effect_01_SliderRevolution3D/Themes/defaultskin/images/small_left_boxed.png]
[www.allcooper.com/DesktopModules/DNNGo_LayerGallery/Effects/Effect_01_SliderRevolution3D/Themes/defaultskin/images/small_right_boxed.png]
[www.allcooper.com/DesktopModules/DNNGo_LayerGallery/Effects/Effect_01_SliderRevolution3D/Themes/defaultskin/images/arrowleft.png]
[www.allcooper.com/DesktopModules/DNNGo_LayerGallery/Effects/Effect_01_SliderRevolution3D/Themes/defaultskin/images/arrowright.png]
[www.allcooper.com/DesktopModules/DNNGo_LayerGallery/Effects/Effect_01_SliderRevolution3D/Themes/defaultskin/images/arrow_left2.png]
[www.allcooper.com/DesktopModules/DNNGo_LayerGallery/Effects/Effect_01_SliderRevolution3D/Themes/defaultskin/images/arrow_right2.png]
[www.allcooper.com/DesktopModules/DNNGo_LayerGallery/Effects/Effect_01_SliderRevolution3D/Themes/defaultskin/images/timer.png]
[www.allcooper.com/DesktopModules/DNNGo_LayerGallery/Effects/Effect_01_SliderRevolution3D/Themes/defaultskin/images/coloredbg.png]
[www.allcooper.com/DesktopModules/DNNGo_LayerGallery/Effects/Effect_01_SliderRevolution3D/Themes/defaultskin/images/loader.gif]
[www.allcooper.com/DesktopModules/DNNGo_LayerGallery/Effects/Effect_01_SliderRevolution3D/Themes/defaultskin/font/revicons90c6.eot]
[www.allcooper.com/DesktopModules/DNNGo_LayerGallery/Effects/Effect_01_SliderRevolution3D/Themes/defaultskin/font/revicons90c6.woff]
[www.allcooper.com/DesktopModules/DNNGo_LayerGallery/Effects/Effect_01_SliderRevolution3D/Themes/defaultskin/font/revicons90c6.ttf]
[www.allcooper.com/DesktopModules/DNNGo_LayerGallery/Effects/Effect_01_SliderRevolution3D/Themes/defaultskin/Style23e0.css]
[www.allcooper.com/DesktopModules/DNNGo_PowerForms/Effects/Effect_01_Responsive/Themes/Theme_Responsive_20070_Contact/Style23e0.css]
[www.allcooper.com/DesktopModules/DNNGo_PowerForms/Resource/plugins/jquery-datepick/jquery.datepick23e0.css]
[www.allcooper.com/Portals/0/LayerGallery/uploads/2017/6/2/Allcooper-Group-Signage.jpg]
[www.allcooper.com/portals/0/Gloucester-Office-300x300.jpg]
[www.allcooper.com/portals/0/London-Office-300x300px.jpg]
[www.allcooper.com/portals/0/Documents/Bromsgrove-Office.jpg]
[www.allcooper.com/contact/offices.html]
[www.allcooper.com/Portals/0/LayerGallery/uploads/2018/6/22/Support-Banner.jpg]
[www.allcooper.com/portals/0/Allcooper-Alarm-Keypad-Graphic.jpg]
[www.allcooper.com/contact/existing-customers.html]
[www.allcooper.com/Resources/images/arrow-right-white.html]
[www.allcooper.com/Portals/_default/skins/allcooper/fonts/fontawesome-webfont78ce.eot]
[www.allcooper.com/Portals/_default/skins/allcooper/fonts/fontawesome-webfontd41d.eot]
[www.allcooper.com/Portals/_default/skins/allcooper/fonts/fontawesome-webfont78ce.woff]
[www.allcooper.com/Portals/_default/skins/allcooper/fonts/fontawesome-webfont78ce.ttf]
[www.allcooper.com/Portals/_default/skins/allcooper/bootstrap.css]
[www.allcooper.com/Portals/_default/skins/allcooper/css/owl.carousel.css]
[www.allcooper.com/DesktopModules/DNNGo_LayerGallery/Effects/Effect_01_SliderRevolution3D/Themes/defaultskin/font/revicons90c6.svg]
[www.allcooper.com/DesktopModules/DNNGo_PowerForms/Effects/Effect_01_Responsive/Themes/Theme_Responsive_20070_Contact/images/calendar.html]
[www.allcooper.com/Portals/_default/skins/allcooper/fonts/glyphicons-regular.html]
[www.allcooper.com/Portals/_default/skins/allcooper/fonts/glyphicons-regulard41d.html]
[www.allcooper.com/Portals/_default/skins/allcooper/fonts/glyphicons-regular-2.html]
[www.allcooper.com/Portals/_default/skins/allcooper/fonts/glyphicons-regular-3.html]
[www.allcooper.com/Portals/_default/skins/allcooper/fonts/glyphicons-regular-4.html]
[www.allcooper.com/Portals/_default/skins/allcooper/fonts/glyphicons-social-regular.html]
[www.allcooper.com/Portals/_default/skins/allcooper/fonts/glyphicons-social-regulard41d.html]
[www.allcooper.com/Portals/_default/skins/allcooper/fonts/glyphicons-social-regular-2.html]
[www.allcooper.com/Portals/_default/skins/allcooper/fonts/glyphicons-social-regular-3.html]
[www.allcooper.com/Portals/_default/skins/allcooper/fonts/glyphicons-social-regular-4.html]
[www.allcooper.com/Portals/_default/skins/allcooper/images/tab-left-active-bg.html]
[www.allcooper.com/Portals/_default/skins/allcooper/images/tab-right-active-bg.html]
[www.allcooper.com/Portals/_default/skins/allcooper/fonts/fontawesome-webfont78ce.svg]
[www.allcooper.com/Portals/_default/skins/allcooper/css/owl.video.play.html]
